<?xml version="1.0" encoding="UTF-8"?>
<!-- Generated by org.testng.reporters.JUnitXMLReporter -->
<testsuite hostname="DESKTOP-7M69QR2" failures="1" tests="9" name="personalLoan" time="0.237" errors="0" timestamp="25 Jun 2025 09:14:14 GMT">
  <testcase classname="section16.day1" name="demo" time="0.036">
    <failure type="java.lang.AssertionError" message="expected [true] but found [false]">
      <![CDATA[java.lang.AssertionError: expected [true] but found [false]
	at section16.day1.demo(day1.java:13)
	at java.base/java.util.concurrent.FutureTask.run(FutureTask.java:317)
	at java.base/java.util.concurrent.ThreadPoolExecutor.runWorker(ThreadPoolExecutor.java:1144)
	at java.base/java.util.concurrent.ThreadPoolExecutor$Worker.run(ThreadPoolExecutor.java:642)
	at java.base/java.lang.Thread.run(Thread.java:1583)
... Removed 18 stack frames]]>
    </failure>
  </testcase> <!-- demo -->
  <testcase classname="section16.day2" name="apiLogicHomeLoan" time="0.005"/>
  <testcase classname="section16.day2" name="mobileLogicHomeLoan" time="0.012"/>
  <testcase classname="section16.day2" name="webLogicHomeLoan" time="0.004"/>
  <testcase classname="section16.day2" name="webLogisthekey" time="0.013"/>
  <testcase classname="section16.day4" name="api" time="0.007"/>
  <testcase classname="section16.day4" name="mobile" time="0.015"/>
  <testcase classname="section16.day4" name="webLog" time="0.011"/>
  <testcase classname="section16.day4" name="webLogisthekey" time="0.004"/>
</testsuite> <!-- personalLoan -->
